<?xml version="1.0" encoding="UTF-8"?>
<!-- Generated by org.testng.reporters.JUnitReportReporter -->
<testsuite hostname="DESKTOP-O5SIUU5" name="newpark.appiumtest23" tests="1" failures="0" timestamp="15 Sep 2017 07:23:36 GMT" time="19.316" errors="0">
  <testcase name="clickTab" time="19.316" classname="newpark.appiumtest23"/>
</testsuite> <!-- newpark.appiumtest23 -->
