<?xml version="1.0" encoding="UTF-8"?>
<!-- Generated by org.testng.reporters.JUnitReportReporter -->
<testsuite hostname="DESKTOP-O5SIUU5" name="newpark.appiumtest1" tests="1" failures="0" timestamp="15 Sep 2017 07:20:18 GMT" time="13.787" errors="0">
  <testcase name="validateText" time="13.787" classname="newpark.appiumtest1"/>
</testsuite> <!-- newpark.appiumtest1 -->
